Build started 30/09/2014 13:23:37.
     1>Project "D:\Users\The Intelligent\Documents\GitHub\Tester\EsrandAdventures\EsrandAdventures\EsrandAdventures.vcxproj" on node 2 (rebuild target(s)).
     1>InitializeBuildStatus:
         Creating "Debug\EsrandAdventures.unsuccessfulbuild" because "AlwaysCreate" was specified.
       ClCompile:
         D:\Program Files (x86)\Microsoft Visual Studio 10.0\VC\bin\CL.exe /c /ZI /nologo /W3 /WX- /Od /Oy- /D WIN32 /D _DEBUG /D _CONSOLE /D _UNICODE /D UNICODE /Gm /EHsc /RTC1 /MDd /GS /fp:precise /Zc:wchar_t /Zc:forScope /Fo"Debug\\" /Fd"Debug\vc100.pdb" /Gd /TP /analyze- /errorReport:prompt EnemyClass.cpp Esrand_EnemySpawn.cpp PlayerClass.cpp
         PlayerClass.cpp
         Esrand_EnemySpawn.cpp
         EnemyClass.cpp
     1>d:\users\the intelligent\documents\github\tester\esrandadventures\esrandadventures\enemyclass.cpp(13): warning C4244: 'initializing' : conversion from 'time_t' to 'unsigned int', possible loss of data
     1>d:\users\the intelligent\documents\github\tester\esrandadventures\esrandadventures\enemyclass.cpp(19): warning C4244: 'initializing' : conversion from 'double' to 'int', possible loss of data
     1>d:\users\the intelligent\documents\github\tester\esrandadventures\esrandadventures\enemyclass.cpp(24): warning C4244: '=' : conversion from 'double' to 'int', possible loss of data
     1>d:\users\the intelligent\documents\github\tester\esrandadventures\esrandadventures\enemyclass.cpp(28): warning C4244: '=' : conversion from 'double' to 'int', possible loss of data
     1>d:\users\the intelligent\documents\github\tester\esrandadventures\esrandadventures\enemyclass.cpp(32): warning C4244: '=' : conversion from 'double' to 'int', possible loss of data
     1>d:\users\the intelligent\documents\github\tester\esrandadventures\esrandadventures\enemyclass.cpp(43): warning C4244: '*=' : conversion from 'double' to 'int', possible loss of data
     1>d:\users\the intelligent\documents\github\tester\esrandadventures\esrandadventures\enemyclass.cpp(43): warning C4244: '*=' : conversion from 'double' to 'int', possible loss of data
     1>d:\users\the intelligent\documents\github\tester\esrandadventures\esrandadventures\enemyclass.cpp(46): warning C4244: '*=' : conversion from 'double' to 'int', possible loss of data
     1>d:\users\the intelligent\documents\github\tester\esrandadventures\esrandadventures\enemyclass.cpp(46): warning C4244: '*=' : conversion from 'double' to 'int', possible loss of data
     1>d:\users\the intelligent\documents\github\tester\esrandadventures\esrandadventures\enemyclass.cpp(49): warning C4244: '*=' : conversion from 'double' to 'int', possible loss of data
     1>d:\users\the intelligent\documents\github\tester\esrandadventures\esrandadventures\enemyclass.cpp(49): warning C4244: '*=' : conversion from 'double' to 'int', possible loss of data
     1>d:\users\the intelligent\documents\github\tester\esrandadventures\esrandadventures\enemyclass.cpp(52): warning C4244: '*=' : conversion from 'double' to 'int', possible loss of data
     1>d:\users\the intelligent\documents\github\tester\esrandadventures\esrandadventures\enemyclass.cpp(52): warning C4244: '*=' : conversion from 'double' to 'int', possible loss of data
         Generating Code...
       Link:
         D:\Program Files (x86)\Microsoft Visual Studio 10.0\VC\bin\link.exe /ERRORREPORT:PROMPT /OUT:"D:\Users\The Intelligent\Documents\GitHub\Tester\EsrandAdventures\Debug\EsrandAdventures.exe" /INCREMENTAL:NO /NOLOGO kernel32.lib user32.lib gdi32.lib winspool.lib comdlg32.lib advapi32.lib shell32.lib ole32.lib oleaut32.lib uuid.lib odbc32.lib odbccp32.lib /MANIFEST /ManifestFile:"Debug\EsrandAdventures.exe.intermediate.manifest" /MANIFESTUAC:"level='asInvoker' uiAccess='false'" /DEBUG /PDB:"D:\Users\The Intelligent\Documents\GitHub\Tester\EsrandAdventures\Debug\EsrandAdventures.pdb" /SUBSYSTEM:CONSOLE /TLBID:1 /DYNAMICBASE /NXCOMPAT /IMPLIB:"D:\Users\The Intelligent\Documents\GitHub\Tester\EsrandAdventures\Debug\EsrandAdventures.lib" /MACHINE:X86 Debug\EnemyClass.obj
         Debug\Esrand_EnemySpawn.obj
         Debug\PlayerClass.obj
     1>EnemyClass.obj : warning LNK4075: ignoring '/EDITANDCONTINUE' due to '/INCREMENTAL:NO' specification
         EsrandAdventures.vcxproj -> D:\Users\The Intelligent\Documents\GitHub\Tester\EsrandAdventures\Debug\EsrandAdventures.exe
       Manifest:
         C:\Program Files (x86)\Microsoft SDKs\Windows\v7.0A\bin\mt.exe /nologo /verbose /outputresource:"D:\Users\The Intelligent\Documents\GitHub\Tester\EsrandAdventures\Debug\EsrandAdventures.exe;#1" /manifest Debug\EsrandAdventures.exe.intermediate.manifest
       FinalizeBuildStatus:
         Deleting file "Debug\EsrandAdventures.unsuccessfulbuild".
         Touching "Debug\EsrandAdventures.lastbuildstate".
     1>Done Building Project "D:\Users\The Intelligent\Documents\GitHub\Tester\EsrandAdventures\EsrandAdventures\EsrandAdventures.vcxproj" (rebuild target(s)).

Build succeeded.

Time Elapsed 00:00:02.37
